[debug] [2022-11-04T11:48:51.089Z] ----------------------------------------------------------------------
[debug] [2022-11-04T11:48:51.093Z] Command:       C:\Program Files\nodejs\node.exe C:\Users\hp\AppData\Roaming\npm\node_modules\firebase-tools\lib\bin\firebase.js init
[debug] [2022-11-04T11:48:51.094Z] CLI Version:   11.16.0
[debug] [2022-11-04T11:48:51.094Z] Platform:      win32
[debug] [2022-11-04T11:48:51.094Z] Node Version:  v16.17.0
[debug] [2022-11-04T11:48:51.095Z] Time:          Fri Nov 04 2022 14:48:51 GMT+0300 (East Africa Time)
[debug] [2022-11-04T11:48:51.096Z] ----------------------------------------------------------------------
[debug] 
[debug] [2022-11-04T11:48:51.111Z] > command requires scopes: ["email","openid","https://www.googleapis.com/auth/cloudplatformprojects.readonly","https://www.googleapis.com/auth/firebase","https://www.googleapis.com/auth/cloud-platform"]
[debug] [2022-11-04T11:48:51.112Z] > authorizing via signed-in user (abebewolie562@gmail.com)
[info] 
     ######## #### ########  ######## ########     ###     ######  ########
     ##        ##  ##     ## ##       ##     ##  ##   ##  ##       ##
     ######    ##  ########  ######   ########  #########  ######  ######
     ##        ##  ##    ##  ##       ##     ## ##     ##       ## ##
     ##       #### ##     ## ######## ########  ##     ##  ######  ########

You're about to initialize a Firebase project in this directory:

  C:\Users\hp\Desktop\git\Angular\Recipe Book

[info] 
=== Project Setup
[info] 
[info] First, let's associate this project directory with a Firebase project.
[info] You can create multiple project aliases by running firebase use --add, 
[info] but for now we'll just set up a default project.
[info] 
[debug] [2022-11-04T11:49:20.292Z] >>> [apiv2][query] GET https://firebase.googleapis.com/v1beta1/projects pageSize=100
[debug] [2022-11-04T11:49:21.513Z] <<< [apiv2][status] GET https://firebase.googleapis.com/v1beta1/projects 200
[debug] [2022-11-04T11:49:21.514Z] <<< [apiv2][body] GET https://firebase.googleapis.com/v1beta1/projects [omitted]
[info] i  Using project myecommercewebsite-db732 (myecommercewebsite) 
[info] 
=== Hosting Setup
[info] 
[info] Your public directory is the folder (relative to your project directory) that
[info] will contain Hosting assets to be uploaded with firebase deploy. If you
[info] have a build process for your assets, use your build's output directory.
[info] 
[debug] [2022-11-04T11:55:22.806Z] >>> [apiv2][query] GET https://www.gstatic.com/firebasejs/releases.json [none]
[debug] [2022-11-04T11:55:23.363Z] <<< [apiv2][status] GET https://www.gstatic.com/firebasejs/releases.json 200
[debug] [2022-11-04T11:55:23.364Z] <<< [apiv2][body] GET https://www.gstatic.com/firebasejs/releases.json {"current":{"version":"9.13.0","browserURL":"https://www.gstatic.com/firebasejs/9.13.0/firebase.js","packageURL":"https://www.gstatic.com/firebasejs/9.13.0/firebase.tgz"},"live":{"version":"9.13","browserURL":"https://www.gstatic.com/firebasejs/live/9.13/firebase.js","packageURL":"https://www.gstatic.com/firebasejs/live/9.13/firebase.tgz"},"components":{"analytics":"https://www.gstatic.com/firebasejs/9.13.0/firebase-analytics.js","app":"https://www.gstatic.com/firebasejs/9.13.0/firebase-app.js","app-check":"https://www.gstatic.com/firebasejs/9.13.0/firebase-app-check.js","auth":"https://www.gstatic.com/firebasejs/9.13.0/firebase-auth.js","auth/cordova":"https://www.gstatic.com/firebasejs/9.13.0/firebase-auth/cordova.js","auth/react-native":"https://www.gstatic.com/firebasejs/9.13.0/firebase-auth/react-native.js","functions":"https://www.gstatic.com/firebasejs/9.13.0/firebase-functions.js","firestore":"https://www.gstatic.com/firebasejs/9.13.0/firebase-firestore.js","firestore/lite":"https://www.gstatic.com/firebasejs/9.13.0/firebase-firestore/lite.js","installations":"https://www.gstatic.com/firebasejs/9.13.0/firebase-installations.js","storage":"https://www.gstatic.com/firebasejs/9.13.0/firebase-storage.js","performance":"https://www.gstatic.com/firebasejs/9.13.0/firebase-performance.js","remote-config":"https://www.gstatic.com/firebasejs/9.13.0/firebase-remote-config.js","messaging":"https://www.gstatic.com/firebasejs/9.13.0/firebase-messaging.js","messaging/sw":"https://www.gstatic.com/firebasejs/9.13.0/firebase-messaging/sw.js","database":"https://www.gstatic.com/firebasejs/9.13.0/firebase-database.js","firestore.memory":"https://www.gstatic.com/firebasejs/9.13.0/firebase-firestore.memory.js"}}
[info] +  Wrote dist/second-start/index.html 
[info] 
[info] i  Detected a .git folder at C:\Users\hp\Desktop\git\Angular 
[info] i  Authorizing with GitHub to upload your service account to a GitHub repository's secrets store. 
[info] 
[info] Visit this URL on this device to log in:
[info] https://github.com/login/oauth/authorize?client_id=89cf50f02ac6aaed3484&state=281569376&redirect_uri=http%3A%2F%2Flocalhost%3A9005&scope=read%3Auser%20repo%20public_repo
[info] 
[info] Waiting for authentication...
[debug] [2022-11-04T11:58:09.799Z] >>> [apiv2][query] POST https://github.com/login/oauth/access_token [none]
[debug] [2022-11-04T11:58:09.800Z] >>> [apiv2][body] POST https://github.com/login/oauth/access_token [stream]
[debug] [2022-11-04T11:58:10.431Z] <<< [apiv2][status] POST https://github.com/login/oauth/access_token 200
[debug] [2022-11-04T11:58:10.431Z] <<< [apiv2][body] POST https://github.com/login/oauth/access_token {"access_token":"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","token_type":"bearer","scope":"read:user,repo"}
[debug] [2022-11-04T11:58:10.459Z] >>> [apiv2][query] GET https://api.github.com/user [none]
[debug] [2022-11-04T11:58:11.233Z] <<< [apiv2][status] GET https://api.github.com/user 200
[debug] [2022-11-04T11:58:11.234Z] <<< [apiv2][body] GET https://api.github.com/user {"login":"AbebeWolie","id":106948479,"node_id":"U_kgDOBl_nfw","avatar_url":"https://avatars.githubusercontent.com/u/106948479?v=4","gravatar_id":"","url":"https://api.github.com/users/AbebeWolie","html_url":"https://github.com/AbebeWolie","followers_url":"https://api.github.com/users/AbebeWolie/followers","following_url":"https://api.github.com/users/AbebeWolie/following{/other_user}","gists_url":"https://api.github.com/users/AbebeWolie/gists{/gist_id}","starred_url":"https://api.github.com/users/AbebeWolie/starred{/owner}{/repo}","subscriptions_url":"https://api.github.com/users/AbebeWolie/subscriptions","organizations_url":"https://api.github.com/users/AbebeWolie/orgs","repos_url":"https://api.github.com/users/AbebeWolie/repos","events_url":"https://api.github.com/users/AbebeWolie/events{/privacy}","received_events_url":"https://api.github.com/users/AbebeWolie/received_events","type":"User","site_admin":false,"name":null,"company":null,"blog":"","location":null,"email":null,"hireable":null,"bio":null,"twitter_username":null,"public_repos":6,"public_gists":0,"followers":0,"following":0,"created_at":"2022-06-06T05:52:47Z","updated_at":"2022-09-23T07:05:11Z","private_gists":0,"total_private_repos":2,"owned_private_repos":2,"disk_usage":7131,"collaborators":0,"two_factor_authentication":false,"plan":{"name":"free","space":976562499,"collaborators":0,"private_repos":10000}}
[info] 
[info] +  Success! Logged into GitHub as AbebeWolie 
[info] 
[debug] [2022-11-04T12:00:42.486Z] >>> [apiv2][query] GET https://api.github.com/repos/AbebeWolie/Angular/Recipe Book/actions/secrets/public-key type=owner
[debug] [2022-11-04T12:00:43.881Z] <<< [apiv2][status] GET https://api.github.com/repos/AbebeWolie/Angular/Recipe Book/actions/secrets/public-key 404
[debug] [2022-11-04T12:00:43.882Z] <<< [apiv2][body] GET https://api.github.com/repos/AbebeWolie/Angular/Recipe Book/actions/secrets/public-key {"message":"Not Found","documentation_url":"https://docs.github.com/rest"}
[debug] [2022-11-04T12:00:56.069Z] >>> [apiv2][query] GET https://api.github.com/repos/AbebeWolie/Angular/Recipe Book/actions/secrets/public-key type=owner
[debug] [2022-11-04T12:00:56.764Z] <<< [apiv2][status] GET https://api.github.com/repos/AbebeWolie/Angular/Recipe Book/actions/secrets/public-key 404
[debug] [2022-11-04T12:00:56.764Z] <<< [apiv2][body] GET https://api.github.com/repos/AbebeWolie/Angular/Recipe Book/actions/secrets/public-key {"message":"Not Found","documentation_url":"https://docs.github.com/rest"}
[debug] [2022-11-04T12:01:02.108Z] >>> [apiv2][query] GET https://api.github.com/repos/AbebeWolie/Angular/actions/secrets/public-key type=owner
[debug] [2022-11-04T12:01:02.587Z] <<< [apiv2][status] GET https://api.github.com/repos/AbebeWolie/Angular/actions/secrets/public-key 200
[debug] [2022-11-04T12:01:02.588Z] <<< [apiv2][body] GET https://api.github.com/repos/AbebeWolie/Angular/actions/secrets/public-key {"key_id":"568250167242549743","key":"oPOKmte8JZgSYNQ67mIFJau9+fXREbauZIZl4xfqMDg="}
[debug] [2022-11-04T12:01:02.595Z] >>> [apiv2][query] GET https://api.github.com/repos/AbebeWolie/Angular [none]
[debug] [2022-11-04T12:01:03.107Z] <<< [apiv2][status] GET https://api.github.com/repos/AbebeWolie/Angular 200
[debug] [2022-11-04T12:01:03.108Z] <<< [apiv2][body] GET https://api.github.com/repos/AbebeWolie/Angular {"id":539137156,"node_id":"R_kgDOICKUhA","name":"Angular","full_name":"AbebeWolie/Angular","private":false,"owner":{"login":"AbebeWolie","id":106948479,"node_id":"U_kgDOBl_nfw","avatar_url":"https://avatars.githubusercontent.com/u/106948479?v=4","gravatar_id":"","url":"https://api.github.com/users/AbebeWolie","html_url":"https://github.com/AbebeWolie","followers_url":"https://api.github.com/users/AbebeWolie/followers","following_url":"https://api.github.com/users/AbebeWolie/following{/other_user}","gists_url":"https://api.github.com/users/AbebeWolie/gists{/gist_id}","starred_url":"https://api.github.com/users/AbebeWolie/starred{/owner}{/repo}","subscriptions_url":"https://api.github.com/users/AbebeWolie/subscriptions","organizations_url":"https://api.github.com/users/AbebeWolie/orgs","repos_url":"https://api.github.com/users/AbebeWolie/repos","events_url":"https://api.github.com/users/AbebeWolie/events{/privacy}","received_events_url":"https://api.github.com/users/AbebeWolie/received_events","type":"User","site_admin":false},"html_url":"https://github.com/AbebeWolie/Angular","description":null,"fork":false,"url":"https://api.github.com/repos/AbebeWolie/Angular","forks_url":"https://api.github.com/repos/AbebeWolie/Angular/forks","keys_url":"https://api.github.com/repos/AbebeWolie/Angular/keys{/key_id}","collaborators_url":"https://api.github.com/repos/AbebeWolie/Angular/collaborators{/collaborator}","teams_url":"https://api.github.com/repos/AbebeWolie/Angular/teams","hooks_url":"https://api.github.com/repos/AbebeWolie/Angular/hooks","issue_events_url":"https://api.github.com/repos/AbebeWolie/Angular/issues/events{/number}","events_url":"https://api.github.com/repos/AbebeWolie/Angular/events","assignees_url":"https://api.github.com/repos/AbebeWolie/Angular/assignees{/user}","branches_url":"https://api.github.com/repos/AbebeWolie/Angular/branches{/branch}","tags_url":"https://api.github.com/repos/AbebeWolie/Angular/tags","blobs_url":"https://api.github.com/repos/AbebeWolie/Angular/git/blobs{/sha}","git_tags_url":"https://api.github.com/repos/AbebeWolie/Angular/git/tags{/sha}","git_refs_url":"https://api.github.com/repos/AbebeWolie/Angular/git/refs{/sha}","trees_url":"https://api.github.com/repos/AbebeWolie/Angular/git/trees{/sha}","statuses_url":"https://api.github.com/repos/AbebeWolie/Angular/statuses/{sha}","languages_url":"https://api.github.com/repos/AbebeWolie/Angular/languages","stargazers_url":"https://api.github.com/repos/AbebeWolie/Angular/stargazers","contributors_url":"https://api.github.com/repos/AbebeWolie/Angular/contributors","subscribers_url":"https://api.github.com/repos/AbebeWolie/Angular/subscribers","subscription_url":"https://api.github.com/repos/AbebeWolie/Angular/subscription","commits_url":"https://api.github.com/repos/AbebeWolie/Angular/commits{/sha}","git_commits_url":"https://api.github.com/repos/AbebeWolie/Angular/git/commits{/sha}","comments_url":"https://api.github.com/repos/AbebeWolie/Angular/comments{/number}","issue_comment_url":"https://api.github.com/repos/AbebeWolie/Angular/issues/comments{/number}","contents_url":"https://api.github.com/repos/AbebeWolie/Angular/contents/{+path}","compare_url":"https://api.github.com/repos/AbebeWolie/Angular/compare/{base}...{head}","merges_url":"https://api.github.com/repos/AbebeWolie/Angular/merges","archive_url":"https://api.github.com/repos/AbebeWolie/Angular/{archive_format}{/ref}","downloads_url":"https://api.github.com/repos/AbebeWolie/Angular/downloads","issues_url":"https://api.github.com/repos/AbebeWolie/Angular/issues{/number}","pulls_url":"https://api.github.com/repos/AbebeWolie/Angular/pulls{/number}","milestones_url":"https://api.github.com/repos/AbebeWolie/Angular/milestones{/number}","notifications_url":"https://api.github.com/repos/AbebeWolie/Angular/notifications{?since,all,participating}","labels_url":"https://api.github.com/repos/AbebeWolie/Angular/labels{/name}","releases_url":"https://api.github.com/repos/AbebeWolie/Angular/releases{/id}","deployments_url":"https://api.github.com/repos/AbebeWolie/Angular/deployments","created_at":"2022-09-20T18:31:46Z","updated_at":"2022-09-29T00:05:54Z","pushed_at":"2022-11-04T08:06:57Z","git_url":"git://github.com/AbebeWolie/Angular.git","ssh_url":"git@github.com:AbebeWolie/Angular.git","clone_url":"https://github.com/AbebeWolie/Angular.git","svn_url":"https://github.com/AbebeWolie/Angular","homepage":null,"size":1415,"stargazers_count":0,"watchers_count":0,"language":"TypeScript","has_issues":true,"has_projects":true,"has_downloads":true,"has_wiki":true,"has_pages":false,"forks_count":0,"mirror_url":null,"archived":false,"disabled":false,"open_issues_count":0,"license":null,"allow_forking":true,"is_template":false,"web_commit_signoff_required":false,"topics":[],"visibility":"public","forks":0,"open_issues":0,"watchers":0,"default_branch":"main","permissions":{"admin":true,"maintain":true,"push":true,"triage":true,"pull":true},"temp_clone_token":"","allow_squash_merge":true,"allow_merge_commit":true,"allow_rebase_merge":true,"allow_auto_merge":false,"delete_branch_on_merge":false,"allow_update_branch":false,"use_squash_pr_title_as_default":false,"squash_merge_commit_message":"COMMIT_MESSAGES","squash_merge_commit_title":"COMMIT_OR_PR_TITLE","merge_commit_message":"PR_TITLE","merge_commit_title":"MERGE_MESSAGE","network_count":0,"subscribers_count":1}
[debug] [2022-11-04T12:01:03.114Z] >>> [apiv2][query] POST https://iam.googleapis.com/v1/projects/myecommercewebsite-db732/serviceAccounts [none]
[debug] [2022-11-04T12:01:03.115Z] >>> [apiv2][body] POST https://iam.googleapis.com/v1/projects/myecommercewebsite-db732/serviceAccounts {"accountId":"github-action-539137156","serviceAccount":{"displayName":"GitHub Actions (AbebeWolie/Angular)","description":"A service account with permission to deploy to Firebase Hosting for the GitHub repository AbebeWolie/Angular"}}
[debug] [2022-11-04T12:01:05.193Z] <<< [apiv2][status] POST https://iam.googleapis.com/v1/projects/myecommercewebsite-db732/serviceAccounts 200
[debug] [2022-11-04T12:01:05.193Z] <<< [apiv2][body] POST https://iam.googleapis.com/v1/projects/myecommercewebsite-db732/serviceAccounts [omitted]
[debug] [2022-11-04T12:01:05.194Z] >>> [apiv2][query] GET https://iam.googleapis.com/v1/projects/myecommercewebsite-db732/serviceAccounts/github-action-539137156@myecommercewebsite-db732.iam.gserviceaccount.com [none]
[debug] [2022-11-04T12:01:05.196Z] >>> [apiv2][query] POST https://cloudresourcemanager.googleapis.com/v1/projects/myecommercewebsite-db732:getIamPolicy [none]
